<?xml version="1.0" encoding="UTF-8"?>
<!-- Generated by org.testng.reporters.JUnitReportReporter -->
<testsuite skipped="0" hostname="krish" name="testngannotations.a1" tests="2" failures="0" timestamp="2022-11-11T17:29:57 IST" time="3.013" errors="0">
  <testcase name="t1" time="2.965" classname="testngannotations.a1"/>
  <system-out/>
  <testcase name="t2" time="0.048" classname="testngannotations.a1"/>
  <system-out/>
</testsuite> <!-- testngannotations.a1 -->
