<?xml version="1.0" encoding="UTF-8"?>
<!-- Generated by org.testng.reporters.JUnitReportReporter -->
<testsuite skipped="0" hostname="krish" name="testngwaitssyc.i2" tests="1" failures="0" timestamp="2022-11-15T17:22:54 IST" time="4.519" errors="0">
  <testcase name="ha" time="4.519" classname="testngwaitssyc.i2"/>
  <system-out/>
</testsuite> <!-- testngwaitssyc.i2 -->
