<?xml version="1.0" encoding="UTF-8"?>
<!-- Generated by org.testng.reporters.JUnitReportReporter -->
<testsuite skipped="1" hostname="krish" name="testngattrib.t1" tests="3" failures="0" timestamp="2022-11-10T17:17:37 IST" time="0.007" errors="0">
  <testcase name="t2" time="0.006" classname="testngattrib.t1"/>
  <system-out/>
  <testcase name="ab" time="0.001" classname="testngattrib.t1"/>
  <system-out/>
  <testcase name="t1" classname="testngattrib.t1">
    <skipped/>
  </testcase> <!-- t1 -->
  <system-out/>
</testsuite> <!-- testngattrib.t1 -->
