<?xml version="1.0" encoding="UTF-8"?>
<!-- Generated by org.testng.reporters.JUnitReportReporter -->
<testsuite skipped="0" hostname="krish" name="testngassertion.c1" tests="1" failures="0" timestamp="2022-11-14T17:15:11 IST" time="6.036" errors="0">
  <testcase name="ha" time="6.036" classname="testngassertion.c1"/>
  <system-out/>
</testsuite> <!-- testngassertion.c1 -->
