<?xml version="1.0" encoding="UTF-8"?>
<!-- Generated by org.testng.reporters.JUnitReportReporter -->
<testsuite skipped="0" hostname="krish" name="testngassertion.de" tests="1" failures="0" timestamp="2022-11-15T17:37:18 IST" time="5.746" errors="0">
  <testcase name="ha" time="5.746" classname="testngassertion.de"/>
  <system-out/>
</testsuite> <!-- testngassertion.de -->
