<?xml version="1.0" encoding="UTF-8"?>
<!-- Generated by org.testng.reporters.JUnitReportReporter -->
<testsuite skipped="0" hostname="krish" name="testngdepe.real" tests="7" failures="0" timestamp="2022-11-10T17:40:13 IST" time="10.192" errors="0">
  <testcase name="clicking" time="1.592" classname="testngdepe.real"/>
  <system-out/>
  <testcase name="close" time="3.716" classname="testngdepe.real"/>
  <system-out/>
  <testcase name="visiting" time="3.367" classname="testngdepe.real"/>
  <system-out/>
  <testcase name="max" time="0.141" classname="testngdepe.real"/>
  <system-out/>
  <testcase name="refresh" time="0.758" classname="testngdepe.real"/>
  <system-out/>
  <testcase name="refresh" time="0.598" classname="testngdepe.real"/>
  <system-out/>
  <testcase name="refresh" time="0.020" classname="testngdepe.real"/>
  <system-out/>
</testsuite> <!-- testngdepe.real -->
